<?xml version="1.0" encoding="UTF-8"?>
<testsuite xmlns:xsi="http://www.w3.org/2001/XMLSchema-instance" xsi:noNamespaceSchemaLocation="https://maven.apache.org/surefire/maven-surefire-plugin/xsd/surefire-test-report.xsd" version="3.0.2" name="cz.uhk.kpro2.service.UserServiceImplTest" time="3.552" tests="15" errors="0" skipped="0" failures="0">
  <properties>
    <property name="java.specification.version" value="21"/>
    <property name="sun.cpu.isalist" value="amd64"/>
    <property name="sun.jnu.encoding" value="Cp1250"/>
    <property name="java.class.path" value="C:\Users\venda\Desktop\PRO2pls\proBM\target\test-classes;C:\Users\venda\Desktop\PRO2pls\proBM\target\classes;C:\Users\venda\.m2\repository\org\springframework\boot\spring-boot-starter-thymeleaf\3.4.5\spring-boot-starter-thymeleaf-3.4.5.jar;C:\Users\venda\.m2\repository\org\springframework\boot\spring-boot-starter\3.4.5\spring-boot-starter-3.4.5.jar;C:\Users\venda\.m2\repository\org\springframework\boot\spring-boot-starter-logging\3.4.5\spring-boot-starter-logging-3.4.5.jar;C:\Users\venda\.m2\repository\ch\qos\logback\logback-classic\1.5.18\logback-classic-1.5.18.jar;C:\Users\venda\.m2\repository\ch\qos\logback\logback-core\1.5.18\logback-core-1.5.18.jar;C:\Users\venda\.m2\repository\org\apache\logging\log4j\log4j-to-slf4j\2.24.3\log4j-to-slf4j-2.24.3.jar;C:\Users\venda\.m2\repository\org\apache\logging\log4j\log4j-api\2.24.3\log4j-api-2.24.3.jar;C:\Users\venda\.m2\repository\org\slf4j\jul-to-slf4j\2.0.17\jul-to-slf4j-2.0.17.jar;C:\Users\venda\.m2\repository\jakarta\annotation\jakarta.annotation-api\2.1.1\jakarta.annotation-api-2.1.1.jar;C:\Users\venda\.m2\repository\org\yaml\snakeyaml\2.3\snakeyaml-2.3.jar;C:\Users\venda\.m2\repository\org\thymeleaf\thymeleaf-spring6\3.1.3.RELEASE\thymeleaf-spring6-3.1.3.RELEASE.jar;C:\Users\venda\.m2\repository\org\thymeleaf\thymeleaf\3.1.3.RELEASE\thymeleaf-3.1.3.RELEASE.jar;C:\Users\venda\.m2\repository\org\attoparser\attoparser\2.0.7.RELEASE\attoparser-2.0.7.RELEASE.jar;C:\Users\venda\.m2\repository\org\unbescape\unbescape\1.1.6.RELEASE\unbescape-1.1.6.RELEASE.jar;C:\Users\venda\.m2\repository\org\springframework\boot\spring-boot-starter-web\3.4.5\spring-boot-starter-web-3.4.5.jar;C:\Users\venda\.m2\repository\org\springframework\boot\spring-boot-starter-json\3.4.5\spring-boot-starter-json-3.4.5.jar;C:\Users\venda\.m2\repository\com\fasterxml\jackson\core\jackson-databind\2.18.3\jackson-databind-2.18.3.jar;C:\Users\venda\.m2\repository\com\fasterxml\jackson\core\jackson-annotations\2.18.3\jackson-annotations-2.18.3.jar;C:\Users\venda\.m2\repository\com\fasterxml\jackson\core\jackson-core\2.18.3\jackson-core-2.18.3.jar;C:\Users\venda\.m2\repository\com\fasterxml\jackson\datatype\jackson-datatype-jdk8\2.18.3\jackson-datatype-jdk8-2.18.3.jar;C:\Users\venda\.m2\repository\com\fasterxml\jackson\datatype\jackson-datatype-jsr310\2.18.3\jackson-datatype-jsr310-2.18.3.jar;C:\Users\venda\.m2\repository\com\fasterxml\jackson\module\jackson-module-parameter-names\2.18.3\jackson-module-parameter-names-2.18.3.jar;C:\Users\venda\.m2\repository\org\springframework\boot\spring-boot-starter-tomcat\3.4.5\spring-boot-starter-tomcat-3.4.5.jar;C:\Users\venda\.m2\repository\org\apache\tomcat\embed\tomcat-embed-core\10.1.40\tomcat-embed-core-10.1.40.jar;C:\Users\venda\.m2\repository\org\apache\tomcat\embed\tomcat-embed-websocket\10.1.40\tomcat-embed-websocket-10.1.40.jar;C:\Users\venda\.m2\repository\org\springframework\spring-web\6.2.6\spring-web-6.2.6.jar;C:\Users\venda\.m2\repository\org\springframework\spring-beans\6.2.6\spring-beans-6.2.6.jar;C:\Users\venda\.m2\repository\io\micrometer\micrometer-observation\1.14.6\micrometer-observation-1.14.6.jar;C:\Users\venda\.m2\repository\io\micrometer\micrometer-commons\1.14.6\micrometer-commons-1.14.6.jar;C:\Users\venda\.m2\repository\org\springframework\spring-webmvc\6.2.6\spring-webmvc-6.2.6.jar;C:\Users\venda\.m2\repository\org\springframework\spring-context\6.2.6\spring-context-6.2.6.jar;C:\Users\venda\.m2\repository\org\springframework\spring-expression\6.2.6\spring-expression-6.2.6.jar;C:\Users\venda\.m2\repository\org\springframework\boot\spring-boot-starter-data-jpa\3.4.5\spring-boot-starter-data-jpa-3.4.5.jar;C:\Users\venda\.m2\repository\org\springframework\boot\spring-boot-starter-jdbc\3.4.5\spring-boot-starter-jdbc-3.4.5.jar;C:\Users\venda\.m2\repository\com\zaxxer\HikariCP\5.1.0\HikariCP-5.1.0.jar;C:\Users\venda\.m2\repository\org\springframework\spring-jdbc\6.2.6\spring-jdbc-6.2.6.jar;C:\Users\venda\.m2\repository\org\hibernate\orm\hibernate-core\6.6.13.Final\hibernate-core-6.6.13.Final.jar;C:\Users\venda\.m2\repository\jakarta\persistence\jakarta.persistence-api\3.1.0\jakarta.persistence-api-3.1.0.jar;C:\Users\venda\.m2\repository\jakarta\transaction\jakarta.transaction-api\2.0.1\jakarta.transaction-api-2.0.1.jar;C:\Users\venda\.m2\repository\org\jboss\logging\jboss-logging\3.6.1.Final\jboss-logging-3.6.1.Final.jar;C:\Users\venda\.m2\repository\org\hibernate\common\hibernate-commons-annotations\7.0.3.Final\hibernate-commons-annotations-7.0.3.Final.jar;C:\Users\venda\.m2\repository\io\smallrye\jandex\3.2.0\jandex-3.2.0.jar;C:\Users\venda\.m2\repository\com\fasterxml\classmate\1.7.0\classmate-1.7.0.jar;C:\Users\venda\.m2\repository\net\bytebuddy\byte-buddy\1.15.11\byte-buddy-1.15.11.jar;C:\Users\venda\.m2\repository\org\glassfish\jaxb\jaxb-runtime\4.0.5\jaxb-runtime-4.0.5.jar;C:\Users\venda\.m2\repository\org\glassfish\jaxb\jaxb-core\4.0.5\jaxb-core-4.0.5.jar;C:\Users\venda\.m2\repository\org\eclipse\angus\angus-activation\2.0.2\angus-activation-2.0.2.jar;C:\Users\venda\.m2\repository\org\glassfish\jaxb\txw2\4.0.5\txw2-4.0.5.jar;C:\Users\venda\.m2\repository\com\sun\istack\istack-commons-runtime\4.1.2\istack-commons-runtime-4.1.2.jar;C:\Users\venda\.m2\repository\jakarta\inject\jakarta.inject-api\2.0.1\jakarta.inject-api-2.0.1.jar;C:\Users\venda\.m2\repository\org\antlr\antlr4-runtime\4.13.0\antlr4-runtime-4.13.0.jar;C:\Users\venda\.m2\repository\org\springframework\data\spring-data-jpa\3.4.5\spring-data-jpa-3.4.5.jar;C:\Users\venda\.m2\repository\org\springframework\data\spring-data-commons\3.4.5\spring-data-commons-3.4.5.jar;C:\Users\venda\.m2\repository\org\springframework\spring-orm\6.2.6\spring-orm-6.2.6.jar;C:\Users\venda\.m2\repository\org\springframework\spring-tx\6.2.6\spring-tx-6.2.6.jar;C:\Users\venda\.m2\repository\org\springframework\spring-aspects\6.2.6\spring-aspects-6.2.6.jar;C:\Users\venda\.m2\repository\org\aspectj\aspectjweaver\1.9.24\aspectjweaver-1.9.24.jar;C:\Users\venda\.m2\repository\com\h2database\h2\2.3.232\h2-2.3.232.jar;C:\Users\venda\.m2\repository\org\springframework\boot\spring-boot-starter-security\3.4.5\spring-boot-starter-security-3.4.5.jar;C:\Users\venda\.m2\repository\org\springframework\spring-aop\6.2.6\spring-aop-6.2.6.jar;C:\Users\venda\.m2\repository\org\springframework\security\spring-security-config\6.4.5\spring-security-config-6.4.5.jar;C:\Users\venda\.m2\repository\org\springframework\security\spring-security-core\6.4.5\spring-security-core-6.4.5.jar;C:\Users\venda\.m2\repository\org\springframework\security\spring-security-crypto\6.4.5\spring-security-crypto-6.4.5.jar;C:\Users\venda\.m2\repository\org\springframework\security\spring-security-web\6.4.5\spring-security-web-6.4.5.jar;C:\Users\venda\.m2\repository\org\thymeleaf\extras\thymeleaf-extras-springsecurity6\3.1.3.RELEASE\thymeleaf-extras-springsecurity6-3.1.3.RELEASE.jar;C:\Users\venda\.m2\repository\org\slf4j\slf4j-api\2.0.17\slf4j-api-2.0.17.jar;C:\Users\venda\.m2\repository\org\springframework\boot\spring-boot-starter-validation\3.4.5\spring-boot-starter-validation-3.4.5.jar;C:\Users\venda\.m2\repository\org\apache\tomcat\embed\tomcat-embed-el\10.1.40\tomcat-embed-el-10.1.40.jar;C:\Users\venda\.m2\repository\org\hibernate\validator\hibernate-validator\8.0.2.Final\hibernate-validator-8.0.2.Final.jar;C:\Users\venda\.m2\repository\jakarta\validation\jakarta.validation-api\3.0.2\jakarta.validation-api-3.0.2.jar;C:\Users\venda\.m2\repository\org\springframework\boot\spring-boot-devtools\3.4.5\spring-boot-devtools-3.4.5.jar;C:\Users\venda\.m2\repository\org\springframework\boot\spring-boot\3.4.5\spring-boot-3.4.5.jar;C:\Users\venda\.m2\repository\org\springframework\boot\spring-boot-autoconfigure\3.4.5\spring-boot-autoconfigure-3.4.5.jar;C:\Users\venda\.m2\repository\org\springframework\boot\spring-boot-starter-test\3.4.5\spring-boot-starter-test-3.4.5.jar;C:\Users\venda\.m2\repository\org\springframework\boot\spring-boot-test\3.4.5\spring-boot-test-3.4.5.jar;C:\Users\venda\.m2\repository\org\springframework\boot\spring-boot-test-autoconfigure\3.4.5\spring-boot-test-autoconfigure-3.4.5.jar;C:\Users\venda\.m2\repository\com\jayway\jsonpath\json-path\2.9.0\json-path-2.9.0.jar;C:\Users\venda\.m2\repository\jakarta\xml\bind\jakarta.xml.bind-api\4.0.2\jakarta.xml.bind-api-4.0.2.jar;C:\Users\venda\.m2\repository\jakarta\activation\jakarta.activation-api\2.1.3\jakarta.activation-api-2.1.3.jar;C:\Users\venda\.m2\repository\net\minidev\json-smart\2.5.2\json-smart-2.5.2.jar;C:\Users\venda\.m2\repository\net\minidev\accessors-smart\2.5.2\accessors-smart-2.5.2.jar;C:\Users\venda\.m2\repository\org\ow2\asm\asm\9.7.1\asm-9.7.1.jar;C:\Users\venda\.m2\repository\org\assertj\assertj-core\3.26.3\assertj-core-3.26.3.jar;C:\Users\venda\.m2\repository\org\awaitility\awaitility\4.2.2\awaitility-4.2.2.jar;C:\Users\venda\.m2\repository\org\hamcrest\hamcrest\2.2\hamcrest-2.2.jar;C:\Users\venda\.m2\repository\org\junit\jupiter\junit-jupiter\5.11.4\junit-jupiter-5.11.4.jar;C:\Users\venda\.m2\repository\org\junit\jupiter\junit-jupiter-api\5.11.4\junit-jupiter-api-5.11.4.jar;C:\Users\venda\.m2\repository\org\opentest4j\opentest4j\1.3.0\opentest4j-1.3.0.jar;C:\Users\venda\.m2\repository\org\junit\platform\junit-platform-commons\1.11.4\junit-platform-commons-1.11.4.jar;C:\Users\venda\.m2\repository\org\apiguardian\apiguardian-api\1.1.2\apiguardian-api-1.1.2.jar;C:\Users\venda\.m2\repository\org\junit\jupiter\junit-jupiter-params\5.11.4\junit-jupiter-params-5.11.4.jar;C:\Users\venda\.m2\repository\org\junit\jupiter\junit-jupiter-engine\5.11.4\junit-jupiter-engine-5.11.4.jar;C:\Users\venda\.m2\repository\org\junit\platform\junit-platform-engine\1.11.4\junit-platform-engine-1.11.4.jar;C:\Users\venda\.m2\repository\org\mockito\mockito-core\5.14.2\mockito-core-5.14.2.jar;C:\Users\venda\.m2\repository\net\bytebuddy\byte-buddy-agent\1.15.11\byte-buddy-agent-1.15.11.jar;C:\Users\venda\.m2\repository\org\objenesis\objenesis\3.3\objenesis-3.3.jar;C:\Users\venda\.m2\repository\org\mockito\mockito-junit-jupiter\5.14.2\mockito-junit-jupiter-5.14.2.jar;C:\Users\venda\.m2\repository\org\skyscreamer\jsonassert\1.5.3\jsonassert-1.5.3.jar;C:\Users\venda\.m2\repository\com\vaadin\external\google\android-json\0.0.20131108.vaadin1\android-json-0.0.20131108.vaadin1.jar;C:\Users\venda\.m2\repository\org\springframework\spring-core\6.2.6\spring-core-6.2.6.jar;C:\Users\venda\.m2\repository\org\springframework\spring-jcl\6.2.6\spring-jcl-6.2.6.jar;C:\Users\venda\.m2\repository\org\springframework\spring-test\6.2.6\spring-test-6.2.6.jar;C:\Users\venda\.m2\repository\org\xmlunit\xmlunit-core\2.10.0\xmlunit-core-2.10.0.jar;"/>
    <property name="java.vm.vendor" value="Oracle Corporation"/>
    <property name="sun.arch.data.model" value="64"/>
    <property name="user.variant" value=""/>
    <property name="java.vendor.url" value="https://java.oracle.com/"/>
    <property name="user.timezone" value="Europe/Prague"/>
    <property name="org.jboss.logging.provider" value="slf4j"/>
    <property name="os.name" value="Windows 11"/>
    <property name="java.vm.specification.version" value="21"/>
    <property name="APPLICATION_NAME" value="BasketballManager"/>
    <property name="sun.java.launcher" value="SUN_STANDARD"/>
    <property name="user.country" value="CZ"/>
    <property name="sun.boot.library.path" value="C:\Program Files\Java\jdk-21\bin"/>
    <property name="sun.java.command" value="C:\Users\venda\AppData\Local\Temp\surefire12790559212962317353\surefirebooter-20250525151114052_3.jar C:\Users\venda\AppData\Local\Temp\surefire12790559212962317353 2025-05-25T15-11-13_937-jvmRun1 surefire-20250525151114052_1tmp surefire_0-20250525151114052_2tmp"/>
    <property name="jdk.debug" value="release"/>
    <property name="surefire.test.class.path" value="C:\Users\venda\Desktop\PRO2pls\proBM\target\test-classes;C:\Users\venda\Desktop\PRO2pls\proBM\target\classes;C:\Users\venda\.m2\repository\org\springframework\boot\spring-boot-starter-thymeleaf\3.4.5\spring-boot-starter-thymeleaf-3.4.5.jar;C:\Users\venda\.m2\repository\org\springframework\boot\spring-boot-starter\3.4.5\spring-boot-starter-3.4.5.jar;C:\Users\venda\.m2\repository\org\springframework\boot\spring-boot-starter-logging\3.4.5\spring-boot-starter-logging-3.4.5.jar;C:\Users\venda\.m2\repository\ch\qos\logback\logback-classic\1.5.18\logback-classic-1.5.18.jar;C:\Users\venda\.m2\repository\ch\qos\logback\logback-core\1.5.18\logback-core-1.5.18.jar;C:\Users\venda\.m2\repository\org\apache\logging\log4j\log4j-to-slf4j\2.24.3\log4j-to-slf4j-2.24.3.jar;C:\Users\venda\.m2\repository\org\apache\logging\log4j\log4j-api\2.24.3\log4j-api-2.24.3.jar;C:\Users\venda\.m2\repository\org\slf4j\jul-to-slf4j\2.0.17\jul-to-slf4j-2.0.17.jar;C:\Users\venda\.m2\repository\jakarta\annotation\jakarta.annotation-api\2.1.1\jakarta.annotation-api-2.1.1.jar;C:\Users\venda\.m2\repository\org\yaml\snakeyaml\2.3\snakeyaml-2.3.jar;C:\Users\venda\.m2\repository\org\thymeleaf\thymeleaf-spring6\3.1.3.RELEASE\thymeleaf-spring6-3.1.3.RELEASE.jar;C:\Users\venda\.m2\repository\org\thymeleaf\thymeleaf\3.1.3.RELEASE\thymeleaf-3.1.3.RELEASE.jar;C:\Users\venda\.m2\repository\org\attoparser\attoparser\2.0.7.RELEASE\attoparser-2.0.7.RELEASE.jar;C:\Users\venda\.m2\repository\org\unbescape\unbescape\1.1.6.RELEASE\unbescape-1.1.6.RELEASE.jar;C:\Users\venda\.m2\repository\org\springframework\boot\spring-boot-starter-web\3.4.5\spring-boot-starter-web-3.4.5.jar;C:\Users\venda\.m2\repository\org\springframework\boot\spring-boot-starter-json\3.4.5\spring-boot-starter-json-3.4.5.jar;C:\Users\venda\.m2\repository\com\fasterxml\jackson\core\jackson-databind\2.18.3\jackson-databind-2.18.3.jar;C:\Users\venda\.m2\repository\com\fasterxml\jackson\core\jackson-annotations\2.18.3\jackson-annotations-2.18.3.jar;C:\Users\venda\.m2\repository\com\fasterxml\jackson\core\jackson-core\2.18.3\jackson-core-2.18.3.jar;C:\Users\venda\.m2\repository\com\fasterxml\jackson\datatype\jackson-datatype-jdk8\2.18.3\jackson-datatype-jdk8-2.18.3.jar;C:\Users\venda\.m2\repository\com\fasterxml\jackson\datatype\jackson-datatype-jsr310\2.18.3\jackson-datatype-jsr310-2.18.3.jar;C:\Users\venda\.m2\repository\com\fasterxml\jackson\module\jackson-module-parameter-names\2.18.3\jackson-module-parameter-names-2.18.3.jar;C:\Users\venda\.m2\repository\org\springframework\boot\spring-boot-starter-tomcat\3.4.5\spring-boot-starter-tomcat-3.4.5.jar;C:\Users\venda\.m2\repository\org\apache\tomcat\embed\tomcat-embed-core\10.1.40\tomcat-embed-core-10.1.40.jar;C:\Users\venda\.m2\repository\org\apache\tomcat\embed\tomcat-embed-websocket\10.1.40\tomcat-embed-websocket-10.1.40.jar;C:\Users\venda\.m2\repository\org\springframework\spring-web\6.2.6\spring-web-6.2.6.jar;C:\Users\venda\.m2\repository\org\springframework\spring-beans\6.2.6\spring-beans-6.2.6.jar;C:\Users\venda\.m2\repository\io\micrometer\micrometer-observation\1.14.6\micrometer-observation-1.14.6.jar;C:\Users\venda\.m2\repository\io\micrometer\micrometer-commons\1.14.6\micrometer-commons-1.14.6.jar;C:\Users\venda\.m2\repository\org\springframework\spring-webmvc\6.2.6\spring-webmvc-6.2.6.jar;C:\Users\venda\.m2\repository\org\springframework\spring-context\6.2.6\spring-context-6.2.6.jar;C:\Users\venda\.m2\repository\org\springframework\spring-expression\6.2.6\spring-expression-6.2.6.jar;C:\Users\venda\.m2\repository\org\springframework\boot\spring-boot-starter-data-jpa\3.4.5\spring-boot-starter-data-jpa-3.4.5.jar;C:\Users\venda\.m2\repository\org\springframework\boot\spring-boot-starter-jdbc\3.4.5\spring-boot-starter-jdbc-3.4.5.jar;C:\Users\venda\.m2\repository\com\zaxxer\HikariCP\5.1.0\HikariCP-5.1.0.jar;C:\Users\venda\.m2\repository\org\springframework\spring-jdbc\6.2.6\spring-jdbc-6.2.6.jar;C:\Users\venda\.m2\repository\org\hibernate\orm\hibernate-core\6.6.13.Final\hibernate-core-6.6.13.Final.jar;C:\Users\venda\.m2\repository\jakarta\persistence\jakarta.persistence-api\3.1.0\jakarta.persistence-api-3.1.0.jar;C:\Users\venda\.m2\repository\jakarta\transaction\jakarta.transaction-api\2.0.1\jakarta.transaction-api-2.0.1.jar;C:\Users\venda\.m2\repository\org\jboss\logging\jboss-logging\3.6.1.Final\jboss-logging-3.6.1.Final.jar;C:\Users\venda\.m2\repository\org\hibernate\common\hibernate-commons-annotations\7.0.3.Final\hibernate-commons-annotations-7.0.3.Final.jar;C:\Users\venda\.m2\repository\io\smallrye\jandex\3.2.0\jandex-3.2.0.jar;C:\Users\venda\.m2\repository\com\fasterxml\classmate\1.7.0\classmate-1.7.0.jar;C:\Users\venda\.m2\repository\net\bytebuddy\byte-buddy\1.15.11\byte-buddy-1.15.11.jar;C:\Users\venda\.m2\repository\org\glassfish\jaxb\jaxb-runtime\4.0.5\jaxb-runtime-4.0.5.jar;C:\Users\venda\.m2\repository\org\glassfish\jaxb\jaxb-core\4.0.5\jaxb-core-4.0.5.jar;C:\Users\venda\.m2\repository\org\eclipse\angus\angus-activation\2.0.2\angus-activation-2.0.2.jar;C:\Users\venda\.m2\repository\org\glassfish\jaxb\txw2\4.0.5\txw2-4.0.5.jar;C:\Users\venda\.m2\repository\com\sun\istack\istack-commons-runtime\4.1.2\istack-commons-runtime-4.1.2.jar;C:\Users\venda\.m2\repository\jakarta\inject\jakarta.inject-api\2.0.1\jakarta.inject-api-2.0.1.jar;C:\Users\venda\.m2\repository\org\antlr\antlr4-runtime\4.13.0\antlr4-runtime-4.13.0.jar;C:\Users\venda\.m2\repository\org\springframework\data\spring-data-jpa\3.4.5\spring-data-jpa-3.4.5.jar;C:\Users\venda\.m2\repository\org\springframework\data\spring-data-commons\3.4.5\spring-data-commons-3.4.5.jar;C:\Users\venda\.m2\repository\org\springframework\spring-orm\6.2.6\spring-orm-6.2.6.jar;C:\Users\venda\.m2\repository\org\springframework\spring-tx\6.2.6\spring-tx-6.2.6.jar;C:\Users\venda\.m2\repository\org\springframework\spring-aspects\6.2.6\spring-aspects-6.2.6.jar;C:\Users\venda\.m2\repository\org\aspectj\aspectjweaver\1.9.24\aspectjweaver-1.9.24.jar;C:\Users\venda\.m2\repository\com\h2database\h2\2.3.232\h2-2.3.232.jar;C:\Users\venda\.m2\repository\org\springframework\boot\spring-boot-starter-security\3.4.5\spring-boot-starter-security-3.4.5.jar;C:\Users\venda\.m2\repository\org\springframework\spring-aop\6.2.6\spring-aop-6.2.6.jar;C:\Users\venda\.m2\repository\org\springframework\security\spring-security-config\6.4.5\spring-security-config-6.4.5.jar;C:\Users\venda\.m2\repository\org\springframework\security\spring-security-core\6.4.5\spring-security-core-6.4.5.jar;C:\Users\venda\.m2\repository\org\springframework\security\spring-security-crypto\6.4.5\spring-security-crypto-6.4.5.jar;C:\Users\venda\.m2\repository\org\springframework\security\spring-security-web\6.4.5\spring-security-web-6.4.5.jar;C:\Users\venda\.m2\repository\org\thymeleaf\extras\thymeleaf-extras-springsecurity6\3.1.3.RELEASE\thymeleaf-extras-springsecurity6-3.1.3.RELEASE.jar;C:\Users\venda\.m2\repository\org\slf4j\slf4j-api\2.0.17\slf4j-api-2.0.17.jar;C:\Users\venda\.m2\repository\org\springframework\boot\spring-boot-starter-validation\3.4.5\spring-boot-starter-validation-3.4.5.jar;C:\Users\venda\.m2\repository\org\apache\tomcat\embed\tomcat-embed-el\10.1.40\tomcat-embed-el-10.1.40.jar;C:\Users\venda\.m2\repository\org\hibernate\validator\hibernate-validator\8.0.2.Final\hibernate-validator-8.0.2.Final.jar;C:\Users\venda\.m2\repository\jakarta\validation\jakarta.validation-api\3.0.2\jakarta.validation-api-3.0.2.jar;C:\Users\venda\.m2\repository\org\springframework\boot\spring-boot-devtools\3.4.5\spring-boot-devtools-3.4.5.jar;C:\Users\venda\.m2\repository\org\springframework\boot\spring-boot\3.4.5\spring-boot-3.4.5.jar;C:\Users\venda\.m2\repository\org\springframework\boot\spring-boot-autoconfigure\3.4.5\spring-boot-autoconfigure-3.4.5.jar;C:\Users\venda\.m2\repository\org\springframework\boot\spring-boot-starter-test\3.4.5\spring-boot-starter-test-3.4.5.jar;C:\Users\venda\.m2\repository\org\springframework\boot\spring-boot-test\3.4.5\spring-boot-test-3.4.5.jar;C:\Users\venda\.m2\repository\org\springframework\boot\spring-boot-test-autoconfigure\3.4.5\spring-boot-test-autoconfigure-3.4.5.jar;C:\Users\venda\.m2\repository\com\jayway\jsonpath\json-path\2.9.0\json-path-2.9.0.jar;C:\Users\venda\.m2\repository\jakarta\xml\bind\jakarta.xml.bind-api\4.0.2\jakarta.xml.bind-api-4.0.2.jar;C:\Users\venda\.m2\repository\jakarta\activation\jakarta.activation-api\2.1.3\jakarta.activation-api-2.1.3.jar;C:\Users\venda\.m2\repository\net\minidev\json-smart\2.5.2\json-smart-2.5.2.jar;C:\Users\venda\.m2\repository\net\minidev\accessors-smart\2.5.2\accessors-smart-2.5.2.jar;C:\Users\venda\.m2\repository\org\ow2\asm\asm\9.7.1\asm-9.7.1.jar;C:\Users\venda\.m2\repository\org\assertj\assertj-core\3.26.3\assertj-core-3.26.3.jar;C:\Users\venda\.m2\repository\org\awaitility\awaitility\4.2.2\awaitility-4.2.2.jar;C:\Users\venda\.m2\repository\org\hamcrest\hamcrest\2.2\hamcrest-2.2.jar;C:\Users\venda\.m2\repository\org\junit\jupiter\junit-jupiter\5.11.4\junit-jupiter-5.11.4.jar;C:\Users\venda\.m2\repository\org\junit\jupiter\junit-jupiter-api\5.11.4\junit-jupiter-api-5.11.4.jar;C:\Users\venda\.m2\repository\org\opentest4j\opentest4j\1.3.0\opentest4j-1.3.0.jar;C:\Users\venda\.m2\repository\org\junit\platform\junit-platform-commons\1.11.4\junit-platform-commons-1.11.4.jar;C:\Users\venda\.m2\repository\org\apiguardian\apiguardian-api\1.1.2\apiguardian-api-1.1.2.jar;C:\Users\venda\.m2\repository\org\junit\jupiter\junit-jupiter-params\5.11.4\junit-jupiter-params-5.11.4.jar;C:\Users\venda\.m2\repository\org\junit\jupiter\junit-jupiter-engine\5.11.4\junit-jupiter-engine-5.11.4.jar;C:\Users\venda\.m2\repository\org\junit\platform\junit-platform-engine\1.11.4\junit-platform-engine-1.11.4.jar;C:\Users\venda\.m2\repository\org\mockito\mockito-core\5.14.2\mockito-core-5.14.2.jar;C:\Users\venda\.m2\repository\net\bytebuddy\byte-buddy-agent\1.15.11\byte-buddy-agent-1.15.11.jar;C:\Users\venda\.m2\repository\org\objenesis\objenesis\3.3\objenesis-3.3.jar;C:\Users\venda\.m2\repository\org\mockito\mockito-junit-jupiter\5.14.2\mockito-junit-jupiter-5.14.2.jar;C:\Users\venda\.m2\repository\org\skyscreamer\jsonassert\1.5.3\jsonassert-1.5.3.jar;C:\Users\venda\.m2\repository\com\vaadin\external\google\android-json\0.0.20131108.vaadin1\android-json-0.0.20131108.vaadin1.jar;C:\Users\venda\.m2\repository\org\springframework\spring-core\6.2.6\spring-core-6.2.6.jar;C:\Users\venda\.m2\repository\org\springframework\spring-jcl\6.2.6\spring-jcl-6.2.6.jar;C:\Users\venda\.m2\repository\org\springframework\spring-test\6.2.6\spring-test-6.2.6.jar;C:\Users\venda\.m2\repository\org\xmlunit\xmlunit-core\2.10.0\xmlunit-core-2.10.0.jar;"/>
    <property name="sun.cpu.endian" value="little"/>
    <property name="user.home" value="C:\Users\venda"/>
    <property name="user.language" value="cs"/>
    <property name="java.specification.vendor" value="Oracle Corporation"/>
    <property name="java.version.date" value="2025-01-21"/>
    <property name="java.home" value="C:\Program Files\Java\jdk-21"/>
    <property name="file.separator" value="\"/>
    <property name="basedir" value="C:\Users\venda\Desktop\PRO2pls\proBM"/>
    <property name="java.vm.compressedOopsMode" value="Zero based"/>
    <property name="line.separator" value="&#10;"/>
    <property name="java.vm.specification.vendor" value="Oracle Corporation"/>
    <property name="java.specification.name" value="Java Platform API Specification"/>
    <property name="FILE_LOG_CHARSET" value="UTF-8"/>
    <property name="java.awt.headless" value="true"/>
    <property name="surefire.real.class.path" value="C:\Users\venda\AppData\Local\Temp\surefire12790559212962317353\surefirebooter-20250525151114052_3.jar"/>
    <property name="user.script" value=""/>
    <property name="sun.management.compiler" value="HotSpot 64-Bit Tiered Compilers"/>
    <property name="java.runtime.version" value="21.0.6+8-LTS-188"/>
    <property name="user.name" value="venda"/>
    <property name="stdout.encoding" value="Cp1250"/>
    <property name="path.separator" value=";"/>
    <property name="os.version" value="10.0"/>
    <property name="java.runtime.name" value="Java(TM) SE Runtime Environment"/>
    <property name="file.encoding" value="UTF-8"/>
    <property name="java.vm.name" value="Java HotSpot(TM) 64-Bit Server VM"/>
    <property name="localRepository" value="C:\Users\venda\.m2\repository"/>
    <property name="java.vendor.url.bug" value="https://bugreport.java.com/bugreport/"/>
    <property name="java.io.tmpdir" value="C:\Users\venda\AppData\Local\Temp\"/>
    <property name="com.zaxxer.hikari.pool_number" value="1"/>
    <property name="java.version" value="21.0.6"/>
    <property name="user.dir" value="C:\Users\venda\Desktop\PRO2pls\proBM"/>
    <property name="os.arch" value="amd64"/>
    <property name="java.vm.specification.name" value="Java Virtual Machine Specification"/>
    <property name="PID" value="14164"/>
    <property name="sun.os.patch.level" value=""/>
    <property name="CONSOLE_LOG_CHARSET" value="UTF-8"/>
    <property name="native.encoding" value="Cp1250"/>
    <property name="java.library.path" value="C:\Program Files\Java\jdk-21\bin;C:\WINDOWS\Sun\Java\bin;C:\WINDOWS\system32;C:\WINDOWS;C:\Program Files\Common Files\Oracle\Java\javapath;C:\WINDOWS\system32;C:\WINDOWS;C:\WINDOWS\System32\Wbem;C:\WINDOWS\System32\WindowsPowerShell\v1.0\;C:\WINDOWS\System32\OpenSSH\;C:\Program Files\dotnet\;C:\Program Files\Git\cmd;C:\Users\venda\Downloads\apache-maven-3.9.9-bin\apache-maven-3.9.9\bin;C:\Users\venda\AppData\Local\Microsoft\WindowsApps;C:\Users\venda\AppData\Local\Programs\Microsoft VS Code\bin;C:\Users\venda\Downloads\apache-maven-3.9.9-bin;;c:\Users\venda\AppData\Roaming\Code\User\globalStorage\github.copilot-chat\debugCommand;."/>
    <property name="java.vm.info" value="mixed mode, sharing"/>
    <property name="stderr.encoding" value="Cp1250"/>
    <property name="java.vendor" value="Oracle Corporation"/>
    <property name="java.vm.version" value="21.0.6+8-LTS-188"/>
    <property name="sun.io.unicode.encoding" value="UnicodeLittle"/>
    <property name="java.class.version" value="65.0"/>
    <property name="LOGGED_APPLICATION_NAME" value="[BasketballManager] "/>
  </properties>
  <testcase name="testSaveNewUser_defaultRole" classname="cz.uhk.kpro2.service.UserServiceImplTest" time="0.328">
    <system-out><![CDATA[2025-05-25T15:11:21.612+02:00  INFO 14164 --- [BasketballManager] [           main] t.c.s.AnnotationConfigContextLoaderUtils : Could not detect default configuration classes for test class [cz.uhk.kpro2.service.UserServiceImplTest]: UserServiceImplTest does not declare any static, non-private, non-final, nested classes annotated with @Configuration.
2025-05-25T15:11:21.639+02:00  INFO 14164 --- [BasketballManager] [           main] .b.t.c.SpringBootTestContextBootstrapper : Found @SpringBootConfiguration cz.uhk.kpro2.Kpro2Application for test class cz.uhk.kpro2.service.UserServiceImplTest
2025-05-25T15:11:21.659+02:00 DEBUG 14164 --- [BasketballManager] [           main] org.hibernate.SQL                        : 
    select
        u1_0.id,
        u1_0.password,
        u1_0.roles,
        u1_0.username 
    from
        users u1_0 
    where
        u1_0.username=?
Hibernate: 
    select
        u1_0.id,
        u1_0.password,
        u1_0.roles,
        u1_0.username 
    from
        users u1_0 
    where
        u1_0.username=?
2025-05-25T15:11:21.661+02:00 DEBUG 14164 --- [BasketballManager] [           main] org.hibernate.SQL                        : 
    select
        u1_0.id,
        u1_0.password,
        u1_0.roles,
        u1_0.username 
    from
        users u1_0 
    where
        u1_0.username=?
Hibernate: 
    select
        u1_0.id,
        u1_0.password,
        u1_0.roles,
        u1_0.username 
    from
        users u1_0 
    where
        u1_0.username=?
2025-05-25T15:11:21.664+02:00 DEBUG 14164 --- [BasketballManager] [           main] org.hibernate.SQL                        : 
    select
        u1_0.id,
        u1_0.password,
        u1_0.roles,
        u1_0.username 
    from
        users u1_0 
    where
        u1_0.username=?
Hibernate: 
    select
        u1_0.id,
        u1_0.password,
        u1_0.roles,
        u1_0.username 
    from
        users u1_0 
    where
        u1_0.username=?
2025-05-25T15:11:21.770+02:00 DEBUG 14164 --- [BasketballManager] [           main] org.hibernate.SQL                        : 
    insert 
    into
        users
        (password, roles, username, id) 
    values
        (?, ?, ?, default)
Hibernate: 
    insert 
    into
        users
        (password, roles, username, id) 
    values
        (?, ?, ?, default)
2025-05-25T15:11:21.835+02:00 DEBUG 14164 --- [BasketballManager] [           main] org.hibernate.SQL                        : 
    insert 
    into
        users
        (password, roles, username, id) 
    values
        (?, ?, ?, default)
Hibernate: 
    insert 
    into
        users
        (password, roles, username, id) 
    values
        (?, ?, ?, default)
2025-05-25T15:11:21.901+02:00 DEBUG 14164 --- [BasketballManager] [           main] org.hibernate.SQL                        : 
    insert 
    into
        users
        (password, roles, username, id) 
    values
        (?, ?, ?, default)
Hibernate: 
    insert 
    into
        users
        (password, roles, username, id) 
    values
        (?, ?, ?, default)
2025-05-25T15:11:21.966+02:00 DEBUG 14164 --- [BasketballManager] [           main] org.hibernate.SQL                        : 
    insert 
    into
        users
        (password, roles, username, id) 
    values
        (?, ?, ?, default)
Hibernate: 
    insert 
    into
        users
        (password, roles, username, id) 
    values
        (?, ?, ?, default)
]]></system-out>
  </testcase>
  <testcase name="testUserCreationAndRetrieval" classname="cz.uhk.kpro2.service.UserServiceImplTest" time="0.335">
    <system-out><![CDATA[2025-05-25T15:11:21.978+02:00 DEBUG 14164 --- [BasketballManager] [           main] org.hibernate.SQL                        : 
    select
        u1_0.id,
        u1_0.password,
        u1_0.roles,
        u1_0.username 
    from
        users u1_0 
    where
        u1_0.username=?
Hibernate: 
    select
        u1_0.id,
        u1_0.password,
        u1_0.roles,
        u1_0.username 
    from
        users u1_0 
    where
        u1_0.username=?
2025-05-25T15:11:21.980+02:00 DEBUG 14164 --- [BasketballManager] [           main] org.hibernate.SQL                        : 
    select
        u1_0.id,
        u1_0.password,
        u1_0.roles,
        u1_0.username 
    from
        users u1_0 
    where
        u1_0.username=?
Hibernate: 
    select
        u1_0.id,
        u1_0.password,
        u1_0.roles,
        u1_0.username 
    from
        users u1_0 
    where
        u1_0.username=?
2025-05-25T15:11:21.982+02:00 DEBUG 14164 --- [BasketballManager] [           main] org.hibernate.SQL                        : 
    select
        u1_0.id,
        u1_0.password,
        u1_0.roles,
        u1_0.username 
    from
        users u1_0 
    where
        u1_0.username=?
Hibernate: 
    select
        u1_0.id,
        u1_0.password,
        u1_0.roles,
        u1_0.username 
    from
        users u1_0 
    where
        u1_0.username=?
2025-05-25T15:11:22.046+02:00 DEBUG 14164 --- [BasketballManager] [           main] org.hibernate.SQL                        : 
    insert 
    into
        users
        (password, roles, username, id) 
    values
        (?, ?, ?, default)
Hibernate: 
    insert 
    into
        users
        (password, roles, username, id) 
    values
        (?, ?, ?, default)
2025-05-25T15:11:22.112+02:00 DEBUG 14164 --- [BasketballManager] [           main] org.hibernate.SQL                        : 
    insert 
    into
        users
        (password, roles, username, id) 
    values
        (?, ?, ?, default)
Hibernate: 
    insert 
    into
        users
        (password, roles, username, id) 
    values
        (?, ?, ?, default)
2025-05-25T15:11:22.176+02:00 DEBUG 14164 --- [BasketballManager] [           main] org.hibernate.SQL                        : 
    insert 
    into
        users
        (password, roles, username, id) 
    values
        (?, ?, ?, default)
Hibernate: 
    insert 
    into
        users
        (password, roles, username, id) 
    values
        (?, ?, ?, default)
2025-05-25T15:11:22.240+02:00 DEBUG 14164 --- [BasketballManager] [           main] org.hibernate.SQL                        : 
    insert 
    into
        users
        (password, roles, username, id) 
    values
        (?, ?, ?, default)
Hibernate: 
    insert 
    into
        users
        (password, roles, username, id) 
    values
        (?, ?, ?, default)
2025-05-25T15:11:22.305+02:00 DEBUG 14164 --- [BasketballManager] [           main] org.hibernate.SQL                        : 
    select
        u1_0.id,
        u1_0.password,
        u1_0.roles,
        u1_0.username 
    from
        users u1_0 
    where
        u1_0.username=?
Hibernate: 
    select
        u1_0.id,
        u1_0.password,
        u1_0.roles,
        u1_0.username 
    from
        users u1_0 
    where
        u1_0.username=?
]]></system-out>
  </testcase>
  <testcase name="testDeleteUser_nonExistingUser" classname="cz.uhk.kpro2.service.UserServiceImplTest" time="0.211">
    <system-out><![CDATA[2025-05-25T15:11:22.316+02:00 DEBUG 14164 --- [BasketballManager] [           main] org.hibernate.SQL                        : 
    select
        u1_0.id,
        u1_0.password,
        u1_0.roles,
        u1_0.username 
    from
        users u1_0 
    where
        u1_0.username=?
Hibernate: 
    select
        u1_0.id,
        u1_0.password,
        u1_0.roles,
        u1_0.username 
    from
        users u1_0 
    where
        u1_0.username=?
2025-05-25T15:11:22.318+02:00 DEBUG 14164 --- [BasketballManager] [           main] org.hibernate.SQL                        : 
    select
        u1_0.id,
        u1_0.password,
        u1_0.roles,
        u1_0.username 
    from
        users u1_0 
    where
        u1_0.username=?
Hibernate: 
    select
        u1_0.id,
        u1_0.password,
        u1_0.roles,
        u1_0.username 
    from
        users u1_0 
    where
        u1_0.username=?
2025-05-25T15:11:22.320+02:00 DEBUG 14164 --- [BasketballManager] [           main] org.hibernate.SQL                        : 
    select
        u1_0.id,
        u1_0.password,
        u1_0.roles,
        u1_0.username 
    from
        users u1_0 
    where
        u1_0.username=?
Hibernate: 
    select
        u1_0.id,
        u1_0.password,
        u1_0.roles,
        u1_0.username 
    from
        users u1_0 
    where
        u1_0.username=?
2025-05-25T15:11:22.382+02:00 DEBUG 14164 --- [BasketballManager] [           main] org.hibernate.SQL                        : 
    insert 
    into
        users
        (password, roles, username, id) 
    values
        (?, ?, ?, default)
Hibernate: 
    insert 
    into
        users
        (password, roles, username, id) 
    values
        (?, ?, ?, default)
2025-05-25T15:11:22.444+02:00 DEBUG 14164 --- [BasketballManager] [           main] org.hibernate.SQL                        : 
    insert 
    into
        users
        (password, roles, username, id) 
    values
        (?, ?, ?, default)
Hibernate: 
    insert 
    into
        users
        (password, roles, username, id) 
    values
        (?, ?, ?, default)
2025-05-25T15:11:22.506+02:00 DEBUG 14164 --- [BasketballManager] [           main] org.hibernate.SQL                        : 
    insert 
    into
        users
        (password, roles, username, id) 
    values
        (?, ?, ?, default)
Hibernate: 
    insert 
    into
        users
        (password, roles, username, id) 
    values
        (?, ?, ?, default)
2025-05-25T15:11:22.518+02:00 DEBUG 14164 --- [BasketballManager] [           main] org.hibernate.SQL                        : 
    select
        u1_0.id,
        u1_0.password,
        u1_0.roles,
        u1_0.username 
    from
        users u1_0 
    where
        u1_0.id=?
Hibernate: 
    select
        u1_0.id,
        u1_0.password,
        u1_0.roles,
        u1_0.username 
    from
        users u1_0 
    where
        u1_0.id=?
2025-05-25T15:11:22.520+02:00 DEBUG 14164 --- [BasketballManager] [           main] org.hibernate.SQL                        : 
    select
        u1_0.id,
        u1_0.password,
        u1_0.roles,
        u1_0.username 
    from
        users u1_0 
    where
        u1_0.id=?
Hibernate: 
    select
        u1_0.id,
        u1_0.password,
        u1_0.roles,
        u1_0.username 
    from
        users u1_0 
    where
        u1_0.id=?
]]></system-out>
  </testcase>
  <testcase name="testSaveNewUser_nullPassword_throwsException" classname="cz.uhk.kpro2.service.UserServiceImplTest" time="0.203">
    <system-out><![CDATA[2025-05-25T15:11:22.527+02:00 DEBUG 14164 --- [BasketballManager] [           main] org.hibernate.SQL                        : 
    select
        u1_0.id,
        u1_0.password,
        u1_0.roles,
        u1_0.username 
    from
        users u1_0 
    where
        u1_0.username=?
Hibernate: 
    select
        u1_0.id,
        u1_0.password,
        u1_0.roles,
        u1_0.username 
    from
        users u1_0 
    where
        u1_0.username=?
2025-05-25T15:11:22.529+02:00 DEBUG 14164 --- [BasketballManager] [           main] org.hibernate.SQL                        : 
    select
        u1_0.id,
        u1_0.password,
        u1_0.roles,
        u1_0.username 
    from
        users u1_0 
    where
        u1_0.username=?
Hibernate: 
    select
        u1_0.id,
        u1_0.password,
        u1_0.roles,
        u1_0.username 
    from
        users u1_0 
    where
        u1_0.username=?
2025-05-25T15:11:22.530+02:00 DEBUG 14164 --- [BasketballManager] [           main] org.hibernate.SQL                        : 
    select
        u1_0.id,
        u1_0.password,
        u1_0.roles,
        u1_0.username 
    from
        users u1_0 
    where
        u1_0.username=?
Hibernate: 
    select
        u1_0.id,
        u1_0.password,
        u1_0.roles,
        u1_0.username 
    from
        users u1_0 
    where
        u1_0.username=?
2025-05-25T15:11:22.593+02:00 DEBUG 14164 --- [BasketballManager] [           main] org.hibernate.SQL                        : 
    insert 
    into
        users
        (password, roles, username, id) 
    values
        (?, ?, ?, default)
Hibernate: 
    insert 
    into
        users
        (password, roles, username, id) 
    values
        (?, ?, ?, default)
2025-05-25T15:11:22.656+02:00 DEBUG 14164 --- [BasketballManager] [           main] org.hibernate.SQL                        : 
    insert 
    into
        users
        (password, roles, username, id) 
    values
        (?, ?, ?, default)
Hibernate: 
    insert 
    into
        users
        (password, roles, username, id) 
    values
        (?, ?, ?, default)
2025-05-25T15:11:22.722+02:00 DEBUG 14164 --- [BasketballManager] [           main] org.hibernate.SQL                        : 
    insert 
    into
        users
        (password, roles, username, id) 
    values
        (?, ?, ?, default)
Hibernate: 
    insert 
    into
        users
        (password, roles, username, id) 
    values
        (?, ?, ?, default)
]]></system-out>
  </testcase>
  <testcase name="testUsernameUniqueness" classname="cz.uhk.kpro2.service.UserServiceImplTest" time="0.215">
    <system-out><![CDATA[2025-05-25T15:11:22.732+02:00 DEBUG 14164 --- [BasketballManager] [           main] org.hibernate.SQL                        : 
    select
        u1_0.id,
        u1_0.password,
        u1_0.roles,
        u1_0.username 
    from
        users u1_0 
    where
        u1_0.username=?
Hibernate: 
    select
        u1_0.id,
        u1_0.password,
        u1_0.roles,
        u1_0.username 
    from
        users u1_0 
    where
        u1_0.username=?
2025-05-25T15:11:22.734+02:00 DEBUG 14164 --- [BasketballManager] [           main] org.hibernate.SQL                        : 
    select
        u1_0.id,
        u1_0.password,
        u1_0.roles,
        u1_0.username 
    from
        users u1_0 
    where
        u1_0.username=?
Hibernate: 
    select
        u1_0.id,
        u1_0.password,
        u1_0.roles,
        u1_0.username 
    from
        users u1_0 
    where
        u1_0.username=?
2025-05-25T15:11:22.735+02:00 DEBUG 14164 --- [BasketballManager] [           main] org.hibernate.SQL                        : 
    select
        u1_0.id,
        u1_0.password,
        u1_0.roles,
        u1_0.username 
    from
        users u1_0 
    where
        u1_0.username=?
Hibernate: 
    select
        u1_0.id,
        u1_0.password,
        u1_0.roles,
        u1_0.username 
    from
        users u1_0 
    where
        u1_0.username=?
2025-05-25T15:11:22.802+02:00 DEBUG 14164 --- [BasketballManager] [           main] org.hibernate.SQL                        : 
    insert 
    into
        users
        (password, roles, username, id) 
    values
        (?, ?, ?, default)
Hibernate: 
    insert 
    into
        users
        (password, roles, username, id) 
    values
        (?, ?, ?, default)
2025-05-25T15:11:22.866+02:00 DEBUG 14164 --- [BasketballManager] [           main] org.hibernate.SQL                        : 
    insert 
    into
        users
        (password, roles, username, id) 
    values
        (?, ?, ?, default)
Hibernate: 
    insert 
    into
        users
        (password, roles, username, id) 
    values
        (?, ?, ?, default)
2025-05-25T15:11:22.930+02:00 DEBUG 14164 --- [BasketballManager] [           main] org.hibernate.SQL                        : 
    insert 
    into
        users
        (password, roles, username, id) 
    values
        (?, ?, ?, default)
Hibernate: 
    insert 
    into
        users
        (password, roles, username, id) 
    values
        (?, ?, ?, default)
2025-05-25T15:11:22.935+02:00 DEBUG 14164 --- [BasketballManager] [           main] org.hibernate.SQL                        : 
    select
        u1_0.id,
        u1_0.password,
        u1_0.roles,
        u1_0.username 
    from
        users u1_0 
    where
        u1_0.username=?
Hibernate: 
    select
        u1_0.id,
        u1_0.password,
        u1_0.roles,
        u1_0.username 
    from
        users u1_0 
    where
        u1_0.username=?
2025-05-25T15:11:22.936+02:00 DEBUG 14164 --- [BasketballManager] [           main] org.hibernate.SQL                        : 
    select
        u1_0.id,
        u1_0.password,
        u1_0.roles,
        u1_0.username 
    from
        users u1_0 
    where
        u1_0.username=?
Hibernate: 
    select
        u1_0.id,
        u1_0.password,
        u1_0.roles,
        u1_0.username 
    from
        users u1_0 
    where
        u1_0.username=?
2025-05-25T15:11:22.938+02:00 DEBUG 14164 --- [BasketballManager] [           main] org.hibernate.SQL                        : 
    select
        u1_0.id,
        u1_0.password,
        u1_0.roles,
        u1_0.username 
    from
        users u1_0 
    where
        u1_0.username=?
Hibernate: 
    select
        u1_0.id,
        u1_0.password,
        u1_0.roles,
        u1_0.username 
    from
        users u1_0 
    where
        u1_0.username=?
]]></system-out>
  </testcase>
  <testcase name="testSaveExistingUser_updateNonExisting_throwsException" classname="cz.uhk.kpro2.service.UserServiceImplTest" time="0.207">
    <system-out><![CDATA[2025-05-25T15:11:22.948+02:00 DEBUG 14164 --- [BasketballManager] [           main] org.hibernate.SQL                        : 
    select
        u1_0.id,
        u1_0.password,
        u1_0.roles,
        u1_0.username 
    from
        users u1_0 
    where
        u1_0.username=?
Hibernate: 
    select
        u1_0.id,
        u1_0.password,
        u1_0.roles,
        u1_0.username 
    from
        users u1_0 
    where
        u1_0.username=?
2025-05-25T15:11:22.951+02:00 DEBUG 14164 --- [BasketballManager] [           main] org.hibernate.SQL                        : 
    select
        u1_0.id,
        u1_0.password,
        u1_0.roles,
        u1_0.username 
    from
        users u1_0 
    where
        u1_0.username=?
Hibernate: 
    select
        u1_0.id,
        u1_0.password,
        u1_0.roles,
        u1_0.username 
    from
        users u1_0 
    where
        u1_0.username=?
2025-05-25T15:11:22.952+02:00 DEBUG 14164 --- [BasketballManager] [           main] org.hibernate.SQL                        : 
    select
        u1_0.id,
        u1_0.password,
        u1_0.roles,
        u1_0.username 
    from
        users u1_0 
    where
        u1_0.username=?
Hibernate: 
    select
        u1_0.id,
        u1_0.password,
        u1_0.roles,
        u1_0.username 
    from
        users u1_0 
    where
        u1_0.username=?
2025-05-25T15:11:23.017+02:00 DEBUG 14164 --- [BasketballManager] [           main] org.hibernate.SQL                        : 
    insert 
    into
        users
        (password, roles, username, id) 
    values
        (?, ?, ?, default)
Hibernate: 
    insert 
    into
        users
        (password, roles, username, id) 
    values
        (?, ?, ?, default)
2025-05-25T15:11:23.082+02:00 DEBUG 14164 --- [BasketballManager] [           main] org.hibernate.SQL                        : 
    insert 
    into
        users
        (password, roles, username, id) 
    values
        (?, ?, ?, default)
Hibernate: 
    insert 
    into
        users
        (password, roles, username, id) 
    values
        (?, ?, ?, default)
2025-05-25T15:11:23.146+02:00 DEBUG 14164 --- [BasketballManager] [           main] org.hibernate.SQL                        : 
    insert 
    into
        users
        (password, roles, username, id) 
    values
        (?, ?, ?, default)
Hibernate: 
    insert 
    into
        users
        (password, roles, username, id) 
    values
        (?, ?, ?, default)
2025-05-25T15:11:23.148+02:00 DEBUG 14164 --- [BasketballManager] [           main] org.hibernate.SQL                        : 
    select
        u1_0.id,
        u1_0.password,
        u1_0.roles,
        u1_0.username 
    from
        users u1_0 
    where
        u1_0.id=?
Hibernate: 
    select
        u1_0.id,
        u1_0.password,
        u1_0.roles,
        u1_0.username 
    from
        users u1_0 
    where
        u1_0.id=?
]]></system-out>
  </testcase>
  <testcase name="testGetAllUsers" classname="cz.uhk.kpro2.service.UserServiceImplTest" time="0.27">
    <system-out><![CDATA[2025-05-25T15:11:23.157+02:00 DEBUG 14164 --- [BasketballManager] [           main] org.hibernate.SQL                        : 
    select
        u1_0.id,
        u1_0.password,
        u1_0.roles,
        u1_0.username 
    from
        users u1_0 
    where
        u1_0.username=?
Hibernate: 
    select
        u1_0.id,
        u1_0.password,
        u1_0.roles,
        u1_0.username 
    from
        users u1_0 
    where
        u1_0.username=?
2025-05-25T15:11:23.159+02:00 DEBUG 14164 --- [BasketballManager] [           main] org.hibernate.SQL                        : 
    select
        u1_0.id,
        u1_0.password,
        u1_0.roles,
        u1_0.username 
    from
        users u1_0 
    where
        u1_0.username=?
Hibernate: 
    select
        u1_0.id,
        u1_0.password,
        u1_0.roles,
        u1_0.username 
    from
        users u1_0 
    where
        u1_0.username=?
2025-05-25T15:11:23.161+02:00 DEBUG 14164 --- [BasketballManager] [           main] org.hibernate.SQL                        : 
    select
        u1_0.id,
        u1_0.password,
        u1_0.roles,
        u1_0.username 
    from
        users u1_0 
    where
        u1_0.username=?
Hibernate: 
    select
        u1_0.id,
        u1_0.password,
        u1_0.roles,
        u1_0.username 
    from
        users u1_0 
    where
        u1_0.username=?
2025-05-25T15:11:23.224+02:00 DEBUG 14164 --- [BasketballManager] [           main] org.hibernate.SQL                        : 
    insert 
    into
        users
        (password, roles, username, id) 
    values
        (?, ?, ?, default)
Hibernate: 
    insert 
    into
        users
        (password, roles, username, id) 
    values
        (?, ?, ?, default)
2025-05-25T15:11:23.288+02:00 DEBUG 14164 --- [BasketballManager] [           main] org.hibernate.SQL                        : 
    insert 
    into
        users
        (password, roles, username, id) 
    values
        (?, ?, ?, default)
Hibernate: 
    insert 
    into
        users
        (password, roles, username, id) 
    values
        (?, ?, ?, default)
2025-05-25T15:11:23.350+02:00 DEBUG 14164 --- [BasketballManager] [           main] org.hibernate.SQL                        : 
    insert 
    into
        users
        (password, roles, username, id) 
    values
        (?, ?, ?, default)
Hibernate: 
    insert 
    into
        users
        (password, roles, username, id) 
    values
        (?, ?, ?, default)
2025-05-25T15:11:23.413+02:00 DEBUG 14164 --- [BasketballManager] [           main] org.hibernate.SQL                        : 
    insert 
    into
        users
        (password, roles, username, id) 
    values
        (?, ?, ?, default)
Hibernate: 
    insert 
    into
        users
        (password, roles, username, id) 
    values
        (?, ?, ?, default)
2025-05-25T15:11:23.416+02:00 DEBUG 14164 --- [BasketballManager] [           main] org.hibernate.SQL                        : 
    select
        u1_0.id,
        u1_0.password,
        u1_0.roles,
        u1_0.username 
    from
        users u1_0
Hibernate: 
    select
        u1_0.id,
        u1_0.password,
        u1_0.roles,
        u1_0.username 
    from
        users u1_0
]]></system-out>
  </testcase>
  <testcase name="testGetUser_existing" classname="cz.uhk.kpro2.service.UserServiceImplTest" time="0.205">
    <system-out><![CDATA[2025-05-25T15:11:23.428+02:00 DEBUG 14164 --- [BasketballManager] [           main] org.hibernate.SQL                        : 
    select
        u1_0.id,
        u1_0.password,
        u1_0.roles,
        u1_0.username 
    from
        users u1_0 
    where
        u1_0.username=?
Hibernate: 
    select
        u1_0.id,
        u1_0.password,
        u1_0.roles,
        u1_0.username 
    from
        users u1_0 
    where
        u1_0.username=?
2025-05-25T15:11:23.429+02:00 DEBUG 14164 --- [BasketballManager] [           main] org.hibernate.SQL                        : 
    select
        u1_0.id,
        u1_0.password,
        u1_0.roles,
        u1_0.username 
    from
        users u1_0 
    where
        u1_0.username=?
Hibernate: 
    select
        u1_0.id,
        u1_0.password,
        u1_0.roles,
        u1_0.username 
    from
        users u1_0 
    where
        u1_0.username=?
2025-05-25T15:11:23.431+02:00 DEBUG 14164 --- [BasketballManager] [           main] org.hibernate.SQL                        : 
    select
        u1_0.id,
        u1_0.password,
        u1_0.roles,
        u1_0.username 
    from
        users u1_0 
    where
        u1_0.username=?
Hibernate: 
    select
        u1_0.id,
        u1_0.password,
        u1_0.roles,
        u1_0.username 
    from
        users u1_0 
    where
        u1_0.username=?
2025-05-25T15:11:23.499+02:00 DEBUG 14164 --- [BasketballManager] [           main] org.hibernate.SQL                        : 
    insert 
    into
        users
        (password, roles, username, id) 
    values
        (?, ?, ?, default)
Hibernate: 
    insert 
    into
        users
        (password, roles, username, id) 
    values
        (?, ?, ?, default)
2025-05-25T15:11:23.563+02:00 DEBUG 14164 --- [BasketballManager] [           main] org.hibernate.SQL                        : 
    insert 
    into
        users
        (password, roles, username, id) 
    values
        (?, ?, ?, default)
Hibernate: 
    insert 
    into
        users
        (password, roles, username, id) 
    values
        (?, ?, ?, default)
2025-05-25T15:11:23.625+02:00 DEBUG 14164 --- [BasketballManager] [           main] org.hibernate.SQL                        : 
    insert 
    into
        users
        (password, roles, username, id) 
    values
        (?, ?, ?, default)
Hibernate: 
    insert 
    into
        users
        (password, roles, username, id) 
    values
        (?, ?, ?, default)
]]></system-out>
  </testcase>
  <testcase name="testGetUser_nonExisting" classname="cz.uhk.kpro2.service.UserServiceImplTest" time="0.196">
    <system-out><![CDATA[2025-05-25T15:11:23.634+02:00 DEBUG 14164 --- [BasketballManager] [           main] org.hibernate.SQL                        : 
    select
        u1_0.id,
        u1_0.password,
        u1_0.roles,
        u1_0.username 
    from
        users u1_0 
    where
        u1_0.username=?
Hibernate: 
    select
        u1_0.id,
        u1_0.password,
        u1_0.roles,
        u1_0.username 
    from
        users u1_0 
    where
        u1_0.username=?
2025-05-25T15:11:23.635+02:00 DEBUG 14164 --- [BasketballManager] [           main] org.hibernate.SQL                        : 
    select
        u1_0.id,
        u1_0.password,
        u1_0.roles,
        u1_0.username 
    from
        users u1_0 
    where
        u1_0.username=?
Hibernate: 
    select
        u1_0.id,
        u1_0.password,
        u1_0.roles,
        u1_0.username 
    from
        users u1_0 
    where
        u1_0.username=?
2025-05-25T15:11:23.636+02:00 DEBUG 14164 --- [BasketballManager] [           main] org.hibernate.SQL                        : 
    select
        u1_0.id,
        u1_0.password,
        u1_0.roles,
        u1_0.username 
    from
        users u1_0 
    where
        u1_0.username=?
Hibernate: 
    select
        u1_0.id,
        u1_0.password,
        u1_0.roles,
        u1_0.username 
    from
        users u1_0 
    where
        u1_0.username=?
2025-05-25T15:11:23.698+02:00 DEBUG 14164 --- [BasketballManager] [           main] org.hibernate.SQL                        : 
    insert 
    into
        users
        (password, roles, username, id) 
    values
        (?, ?, ?, default)
Hibernate: 
    insert 
    into
        users
        (password, roles, username, id) 
    values
        (?, ?, ?, default)
2025-05-25T15:11:23.760+02:00 DEBUG 14164 --- [BasketballManager] [           main] org.hibernate.SQL                        : 
    insert 
    into
        users
        (password, roles, username, id) 
    values
        (?, ?, ?, default)
Hibernate: 
    insert 
    into
        users
        (password, roles, username, id) 
    values
        (?, ?, ?, default)
2025-05-25T15:11:23.822+02:00 DEBUG 14164 --- [BasketballManager] [           main] org.hibernate.SQL                        : 
    insert 
    into
        users
        (password, roles, username, id) 
    values
        (?, ?, ?, default)
Hibernate: 
    insert 
    into
        users
        (password, roles, username, id) 
    values
        (?, ?, ?, default)
2025-05-25T15:11:23.823+02:00 DEBUG 14164 --- [BasketballManager] [           main] org.hibernate.SQL                        : 
    select
        u1_0.id,
        u1_0.password,
        u1_0.roles,
        u1_0.username 
    from
        users u1_0 
    where
        u1_0.id=?
Hibernate: 
    select
        u1_0.id,
        u1_0.password,
        u1_0.roles,
        u1_0.username 
    from
        users u1_0 
    where
        u1_0.id=?
]]></system-out>
  </testcase>
  <testcase name="testDeleteUser_existingUser_inTeam" classname="cz.uhk.kpro2.service.UserServiceImplTest" time="0.226">
    <system-out><![CDATA[2025-05-25T15:11:23.829+02:00 DEBUG 14164 --- [BasketballManager] [           main] org.hibernate.SQL                        : 
    select
        u1_0.id,
        u1_0.password,
        u1_0.roles,
        u1_0.username 
    from
        users u1_0 
    where
        u1_0.username=?
Hibernate: 
    select
        u1_0.id,
        u1_0.password,
        u1_0.roles,
        u1_0.username 
    from
        users u1_0 
    where
        u1_0.username=?
2025-05-25T15:11:23.831+02:00 DEBUG 14164 --- [BasketballManager] [           main] org.hibernate.SQL                        : 
    select
        u1_0.id,
        u1_0.password,
        u1_0.roles,
        u1_0.username 
    from
        users u1_0 
    where
        u1_0.username=?
Hibernate: 
    select
        u1_0.id,
        u1_0.password,
        u1_0.roles,
        u1_0.username 
    from
        users u1_0 
    where
        u1_0.username=?
2025-05-25T15:11:23.832+02:00 DEBUG 14164 --- [BasketballManager] [           main] org.hibernate.SQL                        : 
    select
        u1_0.id,
        u1_0.password,
        u1_0.roles,
        u1_0.username 
    from
        users u1_0 
    where
        u1_0.username=?
Hibernate: 
    select
        u1_0.id,
        u1_0.password,
        u1_0.roles,
        u1_0.username 
    from
        users u1_0 
    where
        u1_0.username=?
2025-05-25T15:11:23.895+02:00 DEBUG 14164 --- [BasketballManager] [           main] org.hibernate.SQL                        : 
    insert 
    into
        users
        (password, roles, username, id) 
    values
        (?, ?, ?, default)
Hibernate: 
    insert 
    into
        users
        (password, roles, username, id) 
    values
        (?, ?, ?, default)
2025-05-25T15:11:23.958+02:00 DEBUG 14164 --- [BasketballManager] [           main] org.hibernate.SQL                        : 
    insert 
    into
        users
        (password, roles, username, id) 
    values
        (?, ?, ?, default)
Hibernate: 
    insert 
    into
        users
        (password, roles, username, id) 
    values
        (?, ?, ?, default)
2025-05-25T15:11:24.021+02:00 DEBUG 14164 --- [BasketballManager] [           main] org.hibernate.SQL                        : 
    insert 
    into
        users
        (password, roles, username, id) 
    values
        (?, ?, ?, default)
Hibernate: 
    insert 
    into
        users
        (password, roles, username, id) 
    values
        (?, ?, ?, default)
2025-05-25T15:11:24.022+02:00 DEBUG 14164 --- [BasketballManager] [           main] org.hibernate.SQL                        : 
    insert 
    into
        teams
        (coach_id, name, id) 
    values
        (?, ?, default)
Hibernate: 
    insert 
    into
        teams
        (coach_id, name, id) 
    values
        (?, ?, default)
2025-05-25T15:11:24.026+02:00 DEBUG 14164 --- [BasketballManager] [           main] org.hibernate.SQL                        : 
    select
        t1_0.id,
        t1_0.coach_id,
        t1_0.name 
    from
        teams t1_0
Hibernate: 
    select
        t1_0.id,
        t1_0.coach_id,
        t1_0.name 
    from
        teams t1_0
2025-05-25T15:11:24.037+02:00 DEBUG 14164 --- [BasketballManager] [           main] org.hibernate.SQL                        : 
    select
        m1_0.team_id,
        m1_1.id,
        m1_1.password,
        m1_1.roles,
        m1_1.username 
    from
        team_members m1_0 
    join
        users m1_1 
            on m1_1.id=m1_0.member_id 
    where
        m1_0.team_id=?
Hibernate: 
    select
        m1_0.team_id,
        m1_1.id,
        m1_1.password,
        m1_1.roles,
        m1_1.username 
    from
        team_members m1_0 
    join
        users m1_1 
            on m1_1.id=m1_0.member_id 
    where
        m1_0.team_id=?
2025-05-25T15:11:24.042+02:00 DEBUG 14164 --- [BasketballManager] [           main] org.hibernate.SQL                        : 
    select
        m1_0.team_id,
        m1_1.id,
        m1_1.password,
        m1_1.roles,
        m1_1.username 
    from
        team_members m1_0 
    join
        users m1_1 
            on m1_1.id=m1_0.member_id 
    where
        m1_0.team_id=?
Hibernate: 
    select
        m1_0.team_id,
        m1_1.id,
        m1_1.password,
        m1_1.roles,
        m1_1.username 
    from
        team_members m1_0 
    join
        users m1_1 
            on m1_1.id=m1_0.member_id 
    where
        m1_0.team_id=?
]]></system-out>
  </testcase>
  <testcase name="testPasswordEncodingOnUserUpdate" classname="cz.uhk.kpro2.service.UserServiceImplTest" time="0.323">
    <system-out><![CDATA[2025-05-25T15:11:24.057+02:00 DEBUG 14164 --- [BasketballManager] [           main] org.hibernate.SQL                        : 
    select
        u1_0.id,
        u1_0.password,
        u1_0.roles,
        u1_0.username 
    from
        users u1_0 
    where
        u1_0.username=?
Hibernate: 
    select
        u1_0.id,
        u1_0.password,
        u1_0.roles,
        u1_0.username 
    from
        users u1_0 
    where
        u1_0.username=?
2025-05-25T15:11:24.058+02:00 DEBUG 14164 --- [BasketballManager] [           main] org.hibernate.SQL                        : 
    select
        u1_0.id,
        u1_0.password,
        u1_0.roles,
        u1_0.username 
    from
        users u1_0 
    where
        u1_0.username=?
Hibernate: 
    select
        u1_0.id,
        u1_0.password,
        u1_0.roles,
        u1_0.username 
    from
        users u1_0 
    where
        u1_0.username=?
2025-05-25T15:11:24.059+02:00 DEBUG 14164 --- [BasketballManager] [           main] org.hibernate.SQL                        : 
    select
        u1_0.id,
        u1_0.password,
        u1_0.roles,
        u1_0.username 
    from
        users u1_0 
    where
        u1_0.username=?
Hibernate: 
    select
        u1_0.id,
        u1_0.password,
        u1_0.roles,
        u1_0.username 
    from
        users u1_0 
    where
        u1_0.username=?
2025-05-25T15:11:24.123+02:00 DEBUG 14164 --- [BasketballManager] [           main] org.hibernate.SQL                        : 
    insert 
    into
        users
        (password, roles, username, id) 
    values
        (?, ?, ?, default)
Hibernate: 
    insert 
    into
        users
        (password, roles, username, id) 
    values
        (?, ?, ?, default)
2025-05-25T15:11:24.186+02:00 DEBUG 14164 --- [BasketballManager] [           main] org.hibernate.SQL                        : 
    insert 
    into
        users
        (password, roles, username, id) 
    values
        (?, ?, ?, default)
Hibernate: 
    insert 
    into
        users
        (password, roles, username, id) 
    values
        (?, ?, ?, default)
2025-05-25T15:11:24.248+02:00 DEBUG 14164 --- [BasketballManager] [           main] org.hibernate.SQL                        : 
    insert 
    into
        users
        (password, roles, username, id) 
    values
        (?, ?, ?, default)
Hibernate: 
    insert 
    into
        users
        (password, roles, username, id) 
    values
        (?, ?, ?, default)
2025-05-25T15:11:24.251+02:00 DEBUG 14164 --- [BasketballManager] [           main] org.hibernate.SQL                        : 
    select
        u1_0.id,
        u1_0.password,
        u1_0.roles,
        u1_0.username 
    from
        users u1_0 
    where
        u1_0.username=?
Hibernate: 
    select
        u1_0.id,
        u1_0.password,
        u1_0.roles,
        u1_0.username 
    from
        users u1_0 
    where
        u1_0.username=?
]]></system-out>
  </testcase>
  <testcase name="testSaveNewUser_emptyPassword_throwsException" classname="cz.uhk.kpro2.service.UserServiceImplTest" time="0.194">
    <system-out><![CDATA[2025-05-25T15:11:24.380+02:00 DEBUG 14164 --- [BasketballManager] [           main] org.hibernate.SQL                        : 
    select
        u1_0.id,
        u1_0.password,
        u1_0.roles,
        u1_0.username 
    from
        users u1_0 
    where
        u1_0.username=?
Hibernate: 
    select
        u1_0.id,
        u1_0.password,
        u1_0.roles,
        u1_0.username 
    from
        users u1_0 
    where
        u1_0.username=?
2025-05-25T15:11:24.382+02:00 DEBUG 14164 --- [BasketballManager] [           main] org.hibernate.SQL                        : 
    select
        u1_0.id,
        u1_0.password,
        u1_0.roles,
        u1_0.username 
    from
        users u1_0 
    where
        u1_0.username=?
Hibernate: 
    select
        u1_0.id,
        u1_0.password,
        u1_0.roles,
        u1_0.username 
    from
        users u1_0 
    where
        u1_0.username=?
2025-05-25T15:11:24.383+02:00 DEBUG 14164 --- [BasketballManager] [           main] org.hibernate.SQL                        : 
    select
        u1_0.id,
        u1_0.password,
        u1_0.roles,
        u1_0.username 
    from
        users u1_0 
    where
        u1_0.username=?
Hibernate: 
    select
        u1_0.id,
        u1_0.password,
        u1_0.roles,
        u1_0.username 
    from
        users u1_0 
    where
        u1_0.username=?
2025-05-25T15:11:24.444+02:00 DEBUG 14164 --- [BasketballManager] [           main] org.hibernate.SQL                        : 
    insert 
    into
        users
        (password, roles, username, id) 
    values
        (?, ?, ?, default)
Hibernate: 
    insert 
    into
        users
        (password, roles, username, id) 
    values
        (?, ?, ?, default)
2025-05-25T15:11:24.505+02:00 DEBUG 14164 --- [BasketballManager] [           main] org.hibernate.SQL                        : 
    insert 
    into
        users
        (password, roles, username, id) 
    values
        (?, ?, ?, default)
Hibernate: 
    insert 
    into
        users
        (password, roles, username, id) 
    values
        (?, ?, ?, default)
2025-05-25T15:11:24.569+02:00 DEBUG 14164 --- [BasketballManager] [           main] org.hibernate.SQL                        : 
    insert 
    into
        users
        (password, roles, username, id) 
    values
        (?, ?, ?, default)
Hibernate: 
    insert 
    into
        users
        (password, roles, username, id) 
    values
        (?, ?, ?, default)
]]></system-out>
  </testcase>
  <testcase name="testFindByUsername_nonExisting" classname="cz.uhk.kpro2.service.UserServiceImplTest" time="0.194">
    <system-out><![CDATA[2025-05-25T15:11:24.575+02:00 DEBUG 14164 --- [BasketballManager] [           main] org.hibernate.SQL                        : 
    select
        u1_0.id,
        u1_0.password,
        u1_0.roles,
        u1_0.username 
    from
        users u1_0 
    where
        u1_0.username=?
Hibernate: 
    select
        u1_0.id,
        u1_0.password,
        u1_0.roles,
        u1_0.username 
    from
        users u1_0 
    where
        u1_0.username=?
2025-05-25T15:11:24.576+02:00 DEBUG 14164 --- [BasketballManager] [           main] org.hibernate.SQL                        : 
    select
        u1_0.id,
        u1_0.password,
        u1_0.roles,
        u1_0.username 
    from
        users u1_0 
    where
        u1_0.username=?
Hibernate: 
    select
        u1_0.id,
        u1_0.password,
        u1_0.roles,
        u1_0.username 
    from
        users u1_0 
    where
        u1_0.username=?
2025-05-25T15:11:24.577+02:00 DEBUG 14164 --- [BasketballManager] [           main] org.hibernate.SQL                        : 
    select
        u1_0.id,
        u1_0.password,
        u1_0.roles,
        u1_0.username 
    from
        users u1_0 
    where
        u1_0.username=?
Hibernate: 
    select
        u1_0.id,
        u1_0.password,
        u1_0.roles,
        u1_0.username 
    from
        users u1_0 
    where
        u1_0.username=?
2025-05-25T15:11:24.639+02:00 DEBUG 14164 --- [BasketballManager] [           main] org.hibernate.SQL                        : 
    insert 
    into
        users
        (password, roles, username, id) 
    values
        (?, ?, ?, default)
Hibernate: 
    insert 
    into
        users
        (password, roles, username, id) 
    values
        (?, ?, ?, default)
2025-05-25T15:11:24.701+02:00 DEBUG 14164 --- [BasketballManager] [           main] org.hibernate.SQL                        : 
    insert 
    into
        users
        (password, roles, username, id) 
    values
        (?, ?, ?, default)
Hibernate: 
    insert 
    into
        users
        (password, roles, username, id) 
    values
        (?, ?, ?, default)
2025-05-25T15:11:24.762+02:00 DEBUG 14164 --- [BasketballManager] [           main] org.hibernate.SQL                        : 
    insert 
    into
        users
        (password, roles, username, id) 
    values
        (?, ?, ?, default)
Hibernate: 
    insert 
    into
        users
        (password, roles, username, id) 
    values
        (?, ?, ?, default)
2025-05-25T15:11:24.765+02:00 DEBUG 14164 --- [BasketballManager] [           main] org.hibernate.SQL                        : 
    select
        u1_0.id,
        u1_0.password,
        u1_0.roles,
        u1_0.username 
    from
        users u1_0 
    where
        u1_0.username=?
Hibernate: 
    select
        u1_0.id,
        u1_0.password,
        u1_0.roles,
        u1_0.username 
    from
        users u1_0 
    where
        u1_0.username=?
]]></system-out>
  </testcase>
  <testcase name="testDeleteUser_existingUser_notInTeam" classname="cz.uhk.kpro2.service.UserServiceImplTest" time="0.194">
    <system-out><![CDATA[2025-05-25T15:11:24.769+02:00 DEBUG 14164 --- [BasketballManager] [           main] org.hibernate.SQL                        : 
    select
        u1_0.id,
        u1_0.password,
        u1_0.roles,
        u1_0.username 
    from
        users u1_0 
    where
        u1_0.username=?
Hibernate: 
    select
        u1_0.id,
        u1_0.password,
        u1_0.roles,
        u1_0.username 
    from
        users u1_0 
    where
        u1_0.username=?
2025-05-25T15:11:24.771+02:00 DEBUG 14164 --- [BasketballManager] [           main] org.hibernate.SQL                        : 
    select
        u1_0.id,
        u1_0.password,
        u1_0.roles,
        u1_0.username 
    from
        users u1_0 
    where
        u1_0.username=?
Hibernate: 
    select
        u1_0.id,
        u1_0.password,
        u1_0.roles,
        u1_0.username 
    from
        users u1_0 
    where
        u1_0.username=?
2025-05-25T15:11:24.771+02:00 DEBUG 14164 --- [BasketballManager] [           main] org.hibernate.SQL                        : 
    select
        u1_0.id,
        u1_0.password,
        u1_0.roles,
        u1_0.username 
    from
        users u1_0 
    where
        u1_0.username=?
Hibernate: 
    select
        u1_0.id,
        u1_0.password,
        u1_0.roles,
        u1_0.username 
    from
        users u1_0 
    where
        u1_0.username=?
2025-05-25T15:11:24.833+02:00 DEBUG 14164 --- [BasketballManager] [           main] org.hibernate.SQL                        : 
    insert 
    into
        users
        (password, roles, username, id) 
    values
        (?, ?, ?, default)
Hibernate: 
    insert 
    into
        users
        (password, roles, username, id) 
    values
        (?, ?, ?, default)
2025-05-25T15:11:24.894+02:00 DEBUG 14164 --- [BasketballManager] [           main] org.hibernate.SQL                        : 
    insert 
    into
        users
        (password, roles, username, id) 
    values
        (?, ?, ?, default)
Hibernate: 
    insert 
    into
        users
        (password, roles, username, id) 
    values
        (?, ?, ?, default)
2025-05-25T15:11:24.955+02:00 DEBUG 14164 --- [BasketballManager] [           main] org.hibernate.SQL                        : 
    insert 
    into
        users
        (password, roles, username, id) 
    values
        (?, ?, ?, default)
Hibernate: 
    insert 
    into
        users
        (password, roles, username, id) 
    values
        (?, ?, ?, default)
2025-05-25T15:11:24.957+02:00 DEBUG 14164 --- [BasketballManager] [           main] org.hibernate.SQL                        : 
    select
        t1_0.id,
        t1_0.coach_id,
        t1_0.name 
    from
        teams t1_0
Hibernate: 
    select
        t1_0.id,
        t1_0.coach_id,
        t1_0.name 
    from
        teams t1_0
2025-05-25T15:11:24.958+02:00 DEBUG 14164 --- [BasketballManager] [           main] org.hibernate.SQL                        : 
    select
        m1_0.team_id,
        m1_1.id,
        m1_1.password,
        m1_1.roles,
        m1_1.username 
    from
        team_members m1_0 
    join
        users m1_1 
            on m1_1.id=m1_0.member_id 
    where
        m1_0.team_id=?
Hibernate: 
    select
        m1_0.team_id,
        m1_1.id,
        m1_1.password,
        m1_1.roles,
        m1_1.username 
    from
        team_members m1_0 
    join
        users m1_1 
            on m1_1.id=m1_0.member_id 
    where
        m1_0.team_id=?
2025-05-25T15:11:24.959+02:00 DEBUG 14164 --- [BasketballManager] [           main] org.hibernate.SQL                        : 
    select
        m1_0.team_id,
        m1_1.id,
        m1_1.password,
        m1_1.roles,
        m1_1.username 
    from
        team_members m1_0 
    join
        users m1_1 
            on m1_1.id=m1_0.member_id 
    where
        m1_0.team_id=?
Hibernate: 
    select
        m1_0.team_id,
        m1_1.id,
        m1_1.password,
        m1_1.roles,
        m1_1.username 
    from
        team_members m1_0 
    join
        users m1_1 
            on m1_1.id=m1_0.member_id 
    where
        m1_0.team_id=?
]]></system-out>
  </testcase>
  <testcase name="testSaveExistingUser_emptyPassword_keepsOldPassword" classname="cz.uhk.kpro2.service.UserServiceImplTest" time="0.195">
    <system-out><![CDATA[2025-05-25T15:11:24.964+02:00 DEBUG 14164 --- [BasketballManager] [           main] org.hibernate.SQL                        : 
    select
        u1_0.id,
        u1_0.password,
        u1_0.roles,
        u1_0.username 
    from
        users u1_0 
    where
        u1_0.username=?
Hibernate: 
    select
        u1_0.id,
        u1_0.password,
        u1_0.roles,
        u1_0.username 
    from
        users u1_0 
    where
        u1_0.username=?
2025-05-25T15:11:24.966+02:00 DEBUG 14164 --- [BasketballManager] [           main] org.hibernate.SQL                        : 
    select
        u1_0.id,
        u1_0.password,
        u1_0.roles,
        u1_0.username 
    from
        users u1_0 
    where
        u1_0.username=?
Hibernate: 
    select
        u1_0.id,
        u1_0.password,
        u1_0.roles,
        u1_0.username 
    from
        users u1_0 
    where
        u1_0.username=?
2025-05-25T15:11:24.967+02:00 DEBUG 14164 --- [BasketballManager] [           main] org.hibernate.SQL                        : 
    select
        u1_0.id,
        u1_0.password,
        u1_0.roles,
        u1_0.username 
    from
        users u1_0 
    where
        u1_0.username=?
Hibernate: 
    select
        u1_0.id,
        u1_0.password,
        u1_0.roles,
        u1_0.username 
    from
        users u1_0 
    where
        u1_0.username=?
2025-05-25T15:11:25.028+02:00 DEBUG 14164 --- [BasketballManager] [           main] org.hibernate.SQL                        : 
    insert 
    into
        users
        (password, roles, username, id) 
    values
        (?, ?, ?, default)
Hibernate: 
    insert 
    into
        users
        (password, roles, username, id) 
    values
        (?, ?, ?, default)
2025-05-25T15:11:25.090+02:00 DEBUG 14164 --- [BasketballManager] [           main] org.hibernate.SQL                        : 
    insert 
    into
        users
        (password, roles, username, id) 
    values
        (?, ?, ?, default)
Hibernate: 
    insert 
    into
        users
        (password, roles, username, id) 
    values
        (?, ?, ?, default)
2025-05-25T15:11:25.151+02:00 DEBUG 14164 --- [BasketballManager] [           main] org.hibernate.SQL                        : 
    insert 
    into
        users
        (password, roles, username, id) 
    values
        (?, ?, ?, default)
Hibernate: 
    insert 
    into
        users
        (password, roles, username, id) 
    values
        (?, ?, ?, default)
2025-05-25T15:11:25.155+02:00 DEBUG 14164 --- [BasketballManager] [           main] org.hibernate.SQL                        : 
    select
        u1_0.id,
        u1_0.password,
        u1_0.roles,
        u1_0.username 
    from
        users u1_0 
    where
        u1_0.username=?
Hibernate: 
    select
        u1_0.id,
        u1_0.password,
        u1_0.roles,
        u1_0.username 
    from
        users u1_0 
    where
        u1_0.username=?
]]></system-out>
  </testcase>
</testsuite>